TN:
SF:/home/tommy/development/witnet/marketplace/ormconfig.js
FNF:0
FNH:0
DA:1,1
LF:1
LH:1
BRF:0
BRH:0
end_of_record
TN:
SF:/home/tommy/development/witnet/marketplace/src/app.ts
FN:10,getApp
FN:11,(anonymous_13)
FN:11,(anonymous_14)
FN:17,(anonymous_16)
FN:20,(anonymous_17)
FN:27,(anonymous_18)
FNF:6
FNH:6
FNDA:1,getApp
FNDA:1,(anonymous_13)
FNDA:1,(anonymous_14)
FNDA:5,(anonymous_16)
FNDA:1,(anonymous_17)
FNDA:1,(anonymous_18)
DA:1,1
DA:2,1
DA:3,1
DA:4,1
DA:6,1
DA:7,1
DA:8,1
DA:10,2
DA:11,1
DA:13,1
DA:14,1
DA:17,1
DA:18,5
DA:21,1
DA:26,1
DA:27,1
DA:28,1
DA:32,0
DA:33,0
DA:43,2
DA:51,2
DA:60,2
DA:72,1
LF:23
LH:21
BRDA:26,0,0,1
BRDA:26,0,1,0
BRDA:29,1,0,1
BRDA:29,1,1,0
BRDA:28,2,0,1
BRDA:28,2,1,1
BRDA:32,3,0,0
BRDA:32,3,1,0
BRDA:32,4,0,0
BRDA:32,4,1,0
BRF:10
BRH:4
end_of_record
TN:
SF:/home/tommy/development/witnet/marketplace/src/routes.ts
FNF:0
FNH:0
DA:1,1
DA:2,1
DA:3,1
LF:3
LH:3
BRF:0
BRH:0
end_of_record
TN:
SF:/home/tommy/development/witnet/marketplace/src/controller/TemplateController.ts
FN:5,(anonymous_0)
FN:8,(anonymous_2)
FNF:2
FNH:1
FNDA:1,(anonymous_0)
FNDA:0,(anonymous_2)
DA:1,1
DA:3,1
DA:5,1
DA:6,0
DA:8,1
DA:9,0
DA:11,1
LF:7
LH:5
BRF:0
BRH:0
end_of_record
TN:
SF:/home/tommy/development/witnet/marketplace/src/controller/UserController.ts
FN:5,(anonymous_12)
FN:8,(anonymous_14)
FN:12,(anonymous_17)
FN:16,(anonymous_20)
FN:20,(anonymous_23)
FNF:5
FNH:2
FNDA:2,(anonymous_12)
FNDA:1,(anonymous_14)
FNDA:0,(anonymous_17)
FNDA:0,(anonymous_20)
FNDA:0,(anonymous_23)
DA:1,1
DA:3,1
DA:5,1
DA:6,1
DA:8,1
DA:9,1
DA:12,1
DA:13,0
DA:16,1
DA:17,0
DA:20,1
DA:21,0
DA:22,0
DA:24,1
LF:14
LH:10
BRDA:21,0,0,0
BRF:1
BRH:0
end_of_record
TN:
SF:/home/tommy/development/witnet/marketplace/src/entity/Template.ts
FN:14,(anonymous_2)
FNF:1
FNH:1
FNDA:3,(anonymous_2)
DA:1,1
DA:14,1
DA:16,1
DA:19,1
DA:22,1
DA:25,1
DA:26,1
LF:7
LH:7
BRF:0
BRH:0
end_of_record
TN:
SF:/home/tommy/development/witnet/marketplace/src/entity/User.ts
FN:4,(anonymous_2)
FNF:1
FNH:1
FNDA:90,(anonymous_2)
DA:1,1
DA:4,1
DA:6,1
DA:9,1
DA:12,1
DA:15,1
DA:16,1
LF:7
LH:7
BRF:0
BRH:0
end_of_record
